java.io.FileNotFoundException: C:\Users\BioSystems\Desktop\MERLIN\merlin-launcher\lib\..\conf\aibench.conf (The system cannot find the file specified)
	at java.io.FileInputStream.open0(Native Method)
	at java.io.FileInputStream.open(FileInputStream.java:195)
	at java.io.FileInputStream.<init>(FileInputStream.java:138)
	at java.io.FileInputStream.<init>(FileInputStream.java:93)
	at sun.net.www.protocol.file.FileURLConnection.connect(FileURLConnection.java:90)
	at sun.net.www.protocol.file.FileURLConnection.getInputStream(FileURLConnection.java:188)
	at java.net.URL.openStream(URL.java:1045)
	at es.uvigo.ei.aibench.Launcher.readConfig(Launcher.java:195)
	at es.uvigo.ei.aibench.Launcher.main(Launcher.java:151)
java.io.FileNotFoundException: C:\Users\BioSystems\Desktop\MERLIN\merlin-launcher\lib\..\conf\plugins.conf (The system cannot find the file specified)
	at java.io.FileInputStream.open0(Native Method)
	at java.io.FileInputStream.open(FileInputStream.java:195)
	at java.io.FileInputStream.<init>(FileInputStream.java:138)
	at java.io.FileInputStream.<init>(FileInputStream.java:93)
	at sun.net.www.protocol.file.FileURLConnection.connect(FileURLConnection.java:90)
	at sun.net.www.protocol.file.FileURLConnection.getInputStream(FileURLConnection.java:188)
	at java.net.URL.openStream(URL.java:1045)
	at org.platonos.pluginengine.PluginFileConfiguration.<init>(PluginFileConfiguration.java:82)
	at org.platonos.pluginengine.PluginFileConfiguration.<init>(PluginFileConfiguration.java:72)
	at es.uvigo.ei.aibench.Launcher.getPluginEngine(Launcher.java:77)
	at es.uvigo.ei.aibench.Launcher.main(Launcher.java:170)
